<?xml version="1.0" encoding="UTF-8"?>
<testsuite name="MonsterTest" tests="24" skipped="0" failures="0" errors="0" timestamp="2023-01-07T17:25:29" hostname="kajela-HP-EliteBook-840-G3" time="0.604">
  <properties/>
  <testcase name="sleep_increasesMonsterSleepLevel" classname="MonsterTest" time="0.138"/>
  <testcase name="feed_throwsExceptionIfFoodLevelIsAtMaxValue" classname="MonsterTest" time="0.009"/>
  <testcase name="save_savesPersonIdIntoDB_true" classname="MonsterTest" time="0.101"/>
  <testcase name="save_returnsTrueIfDescriptionsAretheSame" classname="MonsterTest" time="0.034"/>
  <testcase name="monster_instantiatesWithHalfFullPlayLevel" classname="MonsterTest" time="0.009"/>
  <testcase name="all_returnsAllInstancesOfMonster_true" classname="MonsterTest" time="0.045"/>
  <testcase name="sleep_throwsExceptionIfSleepLevelIsAtMaxValue" classname="MonsterTest" time="0.01"/>
  <testcase name="monster_playLevelCannotGoBeyondMaxValue" classname="MonsterTest" time="0.009"/>
  <testcase name="save_assignsIdToMonster" classname="MonsterTest" time="0.032"/>
  <testcase name="play_increasesMonsterPlayLevel" classname="MonsterTest" time="0.008"/>
  <testcase name="monster_instantiatesWithHalfFullSleepLevel" classname="MonsterTest" time="0.008"/>
  <testcase name="isAlive_confirmsMonsterIsAliveIfAllLevelsAboveMinimum_true" classname="MonsterTest" time="0.008"/>
  <testcase name="monster_instantiatesWithHalfFullFoodLevel" classname="MonsterTest" time="0.008"/>
  <testcase name="Monster_instantiatesWithPersonId_int" classname="MonsterTest" time="0.008"/>
  <testcase name="feed_increasesMonsterFoodLevel" classname="MonsterTest" time="0.009"/>
  <testcase name="equals_returnsTrueIfNameAndPersonIdAreSame_true" classname="MonsterTest" time="0.009"/>
  <testcase name="monster_sleepLevelCannotGoBeyondMaxValue" classname="MonsterTest" time="0.008"/>
  <testcase name="isAlive_recognizesMonsterIsDeadWhenLevelsReachMinimum_false" classname="MonsterTest" time="0.008"/>
  <testcase name="monster_instantiatesCorrectly_true" classname="MonsterTest" time="0.008"/>
  <testcase name="find_returnsMonsterWithSameId_secondMonster" classname="MonsterTest" time="0.088"/>
  <testcase name="play_throwsExceptionIfPlayLevelIsAtMaxValue" classname="MonsterTest" time="0.01"/>
  <testcase name="depleteLevels_reducesAllLevels" classname="MonsterTest" time="0.008"/>
  <testcase name="monster_foodLevelCannotGoBeyondMaxValue" classname="MonsterTest" time="0.007"/>
  <testcase name="Monster_instantiatesWithName_String" classname="MonsterTest" time="0.008"/>
  <system-out><![CDATA[]]></system-out>
  <system-err><![CDATA[]]></system-err>
</testsuite>
