<?xml version="1.0" encoding="UTF-8"?>
<testsuite name="MonsterTest" tests="1" skipped="0" failures="0" errors="0" timestamp="2023-01-10T13:38:49" hostname="kajela-HP-EliteBook-840-G3" time="0.263">
  <properties/>
  <testcase name="save_recordsTimeOfCreationInDatabase" classname="MonsterTest" time="0.263"/>
  <system-out><![CDATA[]]></system-out>
  <system-err><![CDATA[]]></system-err>
</testsuite>
