<?xml version="1.0" encoding="UTF-8"?>
<testsuite name="MonsterTest" tests="1" skipped="0" failures="0" errors="0" timestamp="2023-01-10T18:13:30" hostname="kajela-HP-EliteBook-840-G3" time="6.236">
  <properties/>
  <testcase name="timer_haltsAfterMonsterDies" classname="MonsterTest" time="6.236"/>
  <system-out><![CDATA[]]></system-out>
  <system-err><![CDATA[]]></system-err>
</testsuite>
