<?xml version="1.0" encoding="UTF-8"?>
<testsuite name="MonsterTest" tests="1" skipped="0" failures="0" errors="0" timestamp="2023-01-07T11:06:02" hostname="kajela-HP-EliteBook-840-G3" time="0.141">
  <properties/>
  <testcase name="isAlive_confirmsMonsterIsAliveIfAllLevelsAboveMinimum_true" classname="MonsterTest" time="0.141"/>
  <system-out><![CDATA[]]></system-out>
  <system-err><![CDATA[]]></system-err>
</testsuite>
