<?xml version="1.0" encoding="UTF-8"?>
<testsuite name="MonsterTest" tests="19" skipped="0" failures="0" errors="0" timestamp="2023-01-07T11:28:49" hostname="kajela-HP-EliteBook-840-G3" time="0.677">
  <properties/>
  <testcase name="sleep_increasesMonsterSleepLevel" classname="MonsterTest" time="0.148"/>
  <testcase name="save_savesPersonIdIntoDB_true" classname="MonsterTest" time="0.1"/>
  <testcase name="save_returnsTrueIfDescriptionsAretheSame" classname="MonsterTest" time="0.093"/>
  <testcase name="monster_instantiatesWithHalfFullPlayLevel" classname="MonsterTest" time="0.035"/>
  <testcase name="all_returnsAllInstancesOfMonster_true" classname="MonsterTest" time="0.058"/>
  <testcase name="save_assignsIdToMonster" classname="MonsterTest" time="0.029"/>
  <testcase name="play_increasesMonsterPlayLevel" classname="MonsterTest" time="0.009"/>
  <testcase name="monster_instantiatesWithHalfFullSleepLevel" classname="MonsterTest" time="0.009"/>
  <testcase name="isAlive_confirmsMonsterIsAliveIfAllLevelsAboveMinimum_true" classname="MonsterTest" time="0.008"/>
  <testcase name="monster_instantiatesWithHalfFullFoodLevel" classname="MonsterTest" time="0.011"/>
  <testcase name="Monster_instantiatesWithPersonId_int" classname="MonsterTest" time="0.021"/>
  <testcase name="feed_increasesMonsterFoodLevel" classname="MonsterTest" time="0.024"/>
  <testcase name="equals_returnsTrueIfNameAndPersonIdAreSame_true" classname="MonsterTest" time="0.011"/>
  <testcase name="isAlive_recognizesMonsterIsDeadWhenLevelsReachMinimum_false" classname="MonsterTest" time="0.013"/>
  <testcase name="monster_instantiatesCorrectly_true" classname="MonsterTest" time="0.01"/>
  <testcase name="find_returnsMonsterWithSameId_secondMonster" classname="MonsterTest" time="0.045"/>
  <testcase name="depleteLevels_reducesAllLevels" classname="MonsterTest" time="0.007"/>
  <testcase name="monster_foodLevelCannotGoBeyondMaxValue" classname="MonsterTest" time="0.008"/>
  <testcase name="Monster_instantiatesWithName_String" classname="MonsterTest" time="0.009"/>
  <system-out><![CDATA[]]></system-out>
  <system-err><![CDATA[]]></system-err>
</testsuite>
